c:\users\songg\desktop\work\datacollectiondepth\collection\x64\debug\vc140.pdb
c:\users\songg\desktop\work\datacollectiondepth\collection\x64\debug\source.obj
c:\users\songg\desktop\work\datacollectiondepth\collection\x64\debug\detector.obj
c:\users\songg\desktop\work\datacollectiondepth\collection\x64\debug\dataio.obj
c:\users\songg\desktop\work\datacollectiondepth\collection\x64\debug\main.obj
c:\users\songg\desktop\work\datacollectiondepth\x64\debug\collection.ilk
c:\users\songg\desktop\work\datacollectiondepth\x64\debug\collection.exe
c:\users\songg\desktop\work\datacollectiondepth\x64\debug\collection.pdb
e:\hdface\datacollectiondepth\collection\x64\debug\dataio.obj
e:\hdface\datacollectiondepth\collection\x64\debug\detector.obj
e:\hdface\datacollectiondepth\collection\x64\debug\main.obj
e:\hdface\datacollectiondepth\collection\x64\debug\source.obj
e:\hdface\datacollectiondepth\collection\x64\debug\vc120.pdb
e:\hdface\datacollectiondepth\collection\x64\debug\vc140.pdb
e:\hdface\datacollectiondepth\x64\debug\collection.pdb
e:\hdface\datacollectiondepth\x64\debug\collection.exe
e:\hdface\datacollectiondepth\x64\debug\collection.ilk
e:\hdface\datacollectiondepth\collection\x64\debug\collection.tlog\cl.command.1.tlog
e:\hdface\datacollectiondepth\collection\x64\debug\collection.tlog\cl.read.1.tlog
e:\hdface\datacollectiondepth\collection\x64\debug\collection.tlog\cl.write.1.tlog
e:\hdface\datacollectiondepth\collection\x64\debug\collection.tlog\link.command.1.tlog
e:\hdface\datacollectiondepth\collection\x64\debug\collection.tlog\link.read.1.tlog
e:\hdface\datacollectiondepth\collection\x64\debug\collection.tlog\link.write.1.tlog
